Performing C SOURCE FILE Test CMAKE_HAVE_LIBC_PTHREAD failed with the following output:
Change Dir: /home/linkdome/mg/jx/yolov8-seg/tensorrt_inference_yolov8pose/project/build/CMakeFiles/CMakeTmp

Run Build Command(s):/usr/bin/make cmTC_494ad/fast && /usr/bin/make -f CMakeFiles/cmTC_494ad.dir/build.make CMakeFiles/cmTC_494ad.dir/build
make[1]: Entering directory '/home/linkdome/mg/jx/yolov8-seg/tensorrt_inference_yolov8pose/project/build/CMakeFiles/CMakeTmp'
Building C object CMakeFiles/cmTC_494ad.dir/src.c.o
/usr/bin/cc   -fPIC -DCMAKE_HAVE_LIBC_PTHREAD   -o CMakeFiles/cmTC_494ad.dir/src.c.o   -c /home/linkdome/mg/jx/yolov8-seg/tensorrt_inference_yolov8pose/project/build/CMakeFiles/CMakeTmp/src.c
Linking C executable cmTC_494ad
/usr/bin/cmake -E cmake_link_script CMakeFiles/cmTC_494ad.dir/link.txt --verbose=1
/usr/bin/cc -fPIC -DCMAKE_HAVE_LIBC_PTHREAD    CMakeFiles/cmTC_494ad.dir/src.c.o  -o cmTC_494ad 
/usr/bin/ld: CMakeFiles/cmTC_494ad.dir/src.c.o: in function `main':
src.c:(.text+0x46): undefined reference to `pthread_create'
/usr/bin/ld: src.c:(.text+0x52): undefined reference to `pthread_detach'
/usr/bin/ld: src.c:(.text+0x63): undefined reference to `pthread_join'
collect2: error: ld returned 1 exit status
make[1]: *** [CMakeFiles/cmTC_494ad.dir/build.make:87: cmTC_494ad] Error 1
make[1]: Leaving directory '/home/linkdome/mg/jx/yolov8-seg/tensorrt_inference_yolov8pose/project/build/CMakeFiles/CMakeTmp'
make: *** [Makefile:121: cmTC_494ad/fast] Error 2


Source file was:
#include <pthread.h>

void* test_func(void* data)
{
  return data;
}

int main(void)
{
  pthread_t thread;
  pthread_create(&thread, NULL, test_func, NULL);
  pthread_detach(thread);
  pthread_join(thread, NULL);
  pthread_atfork(NULL, NULL, NULL);
  pthread_exit(NULL);

  return 0;
}

Determining if the function pthread_create exists in the pthreads failed with the following output:
Change Dir: /home/linkdome/mg/jx/yolov8-seg/tensorrt_inference_yolov8pose/project/build/CMakeFiles/CMakeTmp

Run Build Command(s):/usr/bin/make cmTC_7b522/fast && /usr/bin/make -f CMakeFiles/cmTC_7b522.dir/build.make CMakeFiles/cmTC_7b522.dir/build
make[1]: Entering directory '/home/linkdome/mg/jx/yolov8-seg/tensorrt_inference_yolov8pose/project/build/CMakeFiles/CMakeTmp'
Building C object CMakeFiles/cmTC_7b522.dir/CheckFunctionExists.c.o
/usr/bin/cc   -fPIC -DCHECK_FUNCTION_EXISTS=pthread_create   -o CMakeFiles/cmTC_7b522.dir/CheckFunctionExists.c.o   -c /usr/share/cmake-3.16/Modules/CheckFunctionExists.c
Linking C executable cmTC_7b522
/usr/bin/cmake -E cmake_link_script CMakeFiles/cmTC_7b522.dir/link.txt --verbose=1
/usr/bin/cc -fPIC -DCHECK_FUNCTION_EXISTS=pthread_create    CMakeFiles/cmTC_7b522.dir/CheckFunctionExists.c.o  -o cmTC_7b522  -lpthreads 
/usr/bin/ld: cannot find -lpthreads
collect2: error: ld returned 1 exit status
make[1]: *** [CMakeFiles/cmTC_7b522.dir/build.make:87: cmTC_7b522] Error 1
make[1]: Leaving directory '/home/linkdome/mg/jx/yolov8-seg/tensorrt_inference_yolov8pose/project/build/CMakeFiles/CMakeTmp'
make: *** [Makefile:121: cmTC_7b522/fast] Error 2



